<?xml version="1.0" encoding="UTF-8"?>
<testng-results skipped="0" failed="0" ignored="0" total="1" passed="1">
  <reporter-output>
  </reporter-output>
  <suite name="Default suite" duration-ms="35170" started-at="2020-09-17T14:34:31Z" finished-at="2020-09-17T14:35:06Z">
    <groups>
    </groups>
    <test name="Default test" duration-ms="35170" started-at="2020-09-17T14:34:31Z" finished-at="2020-09-17T14:35:06Z">
      <class name="com.nr.qa.testcases.HomePageLinksTest">
        <test-method status="PASS" signature="setUp()[pri:0, instance:com.nr.qa.testcases.HomePageLinksTest@1d057a39]" name="setUp" is-config="true" duration-ms="28025" started-at="2020-09-17T20:04:31Z" finished-at="2020-09-17T20:04:59Z">
          <reporter-output>
          </reporter-output>
        </test-method> <!-- setUp -->
        <test-method status="PASS" signature="linksTest()[pri:0, instance:com.nr.qa.testcases.HomePageLinksTest@1d057a39]" name="linksTest" duration-ms="6315" started-at="2020-09-17T20:04:59Z" finished-at="2020-09-17T20:05:05Z">
          <reporter-output>
          </reporter-output>
        </test-method> <!-- linksTest -->
        <test-method status="PASS" signature="tearDown()[pri:0, instance:com.nr.qa.testcases.HomePageLinksTest@1d057a39]" name="tearDown" is-config="true" duration-ms="800" started-at="2020-09-17T20:05:05Z" finished-at="2020-09-17T20:05:06Z">
          <reporter-output>
          </reporter-output>
        </test-method> <!-- tearDown -->
      </class> <!-- com.nr.qa.testcases.HomePageLinksTest -->
    </test> <!-- Default test -->
  </suite> <!-- Default suite -->
</testng-results>
